# JRE version: OpenJDK Runtime Environment (8.0_152-b01) (build 1.8.0_152-release-1343-b01)
# Java VM: OpenJDK 64-Bit Server VM (25.152-b01 mixed mode windows-amd64 compressed oops)
Heap:
 PSYoungGen      total 420864K, used 343056K [0x00000000e0000000, 0x0000000100000000, 0x0000000100000000)
  eden space 318464K, 87% used [0x00000000e0000000,0x00000000f119ddb0,0x00000000f3700000)
  from space 102400K, 61% used [0x00000000f9c00000,0x00000000fd966640,0x0000000100000000)
  to   space 102912K, 0% used [0x00000000f3700000,0x00000000f3700000,0x00000000f9b80000)
 ParOldGen       total 316928K, used 196477K [0x00000000a0000000, 0x00000000b3580000, 0x00000000e0000000)
  object space 316928K, 61% used [0x00000000a0000000,0x00000000abfdf5f8,0x00000000b3580000)
 Metaspace       used 172429K, capacity 185804K, committed 186072K, reserved 1212416K
  class space    used 21281K, capacity 23971K, committed 24064K, reserved 1048576K
GC Heap History (10 events):
Event: 2310.986 GC heap before
{Heap before GC invocations=76 (full 6):
 PSYoungGen      total 431616K, used 367841K [0x00000000e0000000, 0x0000000100000000, 0x0000000100000000)
  eden space 349696K, 99% used [0x00000000e0000000,0x00000000f547ee80,0x00000000f5580000)
  from space 81920K, 23% used [0x00000000f5580000,0x00000000f6839680,0x00000000fa580000)
  to   space 80384K, 0% used [0x00000000fb180000,0x00000000fb180000,0x0000000100000000)
 ParOldGen       total 316928K, used 176674K [0x00000000a0000000, 0x00000000b3580000, 0x00000000e0000000)
  object space 316928K, 55% used [0x00000000a0000000,0x00000000aac88b20,0x00000000b3580000)
 Metaspace       used 162977K, capacity 176026K, committed 176216K, reserved 1202176K
  class space    used 20209K, capacity 22878K, committed 22912K, reserved 1048576K
Event: 2311.057 GC heap after
Heap after GC invocations=76 (full 6):
 PSYoungGen      total 432640K, used 62240K [0x00000000e0000000, 0x0000000100000000, 0x0000000100000000)
  eden space 352256K, 0% used [0x00000000e0000000,0x00000000e0000000,0x00000000f5800000)
  from space 80384K, 77% used [0x00000000fb180000,0x00000000fee483c0,0x0000000100000000)
  to   space 86016K, 0% used [0x00000000f5800000,0x00000000f5800000,0x00000000fac00000)
 ParOldGen       total 316928K, used 177130K [0x00000000a0000000, 0x00000000b3580000, 0x00000000e0000000)
  object space 316928K, 55% used [0x00000000a0000000,0x00000000aacfab50,0x00000000b3580000)
 Metaspace       used 162977K, capacity 176026K, committed 176216K, reserved 1202176K
  class space    used 20209K, capacity 22878K, committed 22912K, reserved 1048576K
}
Event: 2313.367 GC heap before
{Heap before GC invocations=77 (full 6):
 PSYoungGen      total 432640K, used 414496K [0x00000000e0000000, 0x0000000100000000, 0x0000000100000000)
  eden space 352256K, 100% used [0x00000000e0000000,0x00000000f5800000,0x00000000f5800000)
  from space 80384K, 77% used [0x00000000fb180000,0x00000000fee483c0,0x0000000100000000)
  to   space 86016K, 0% used [0x00000000f5800000,0x00000000f5800000,0x00000000fac00000)
 ParOldGen       total 316928K, used 193580K [0x00000000a0000000, 0x00000000b3580000, 0x00000000e0000000)
  object space 316928K, 61% used [0x00000000a0000000,0x00000000abd0b348,0x00000000b3580000)
 Metaspace       used 162977K, capacity 176026K, committed 176216K, reserved 1202176K
  class space    used 20209K, capacity 22878K, committed 22912K, reserved 1048576K
Event: 2313.412 GC heap after
Heap after GC invocations=77 (full 6):
 PSYoungGen      total 417792K, used 65254K [0x00000000e0000000, 0x0000000100000000, 0x0000000100000000)
  eden space 352256K, 0% used [0x00000000e0000000,0x00000000e0000000,0x00000000f5800000)
  from space 65536K, 99% used [0x00000000f5800000,0x00000000f97b9b00,0x00000000f9800000)
  to   space 91648K, 0% used [0x00000000fa680000,0x00000000fa680000,0x0000000100000000)
 ParOldGen       total 316928K, used 193588K [0x00000000a0000000, 0x00000000b3580000, 0x00000000e0000000)
  object space 316928K, 61% used [0x00000000a0000000,0x00000000abd0d348,0x00000000b3580000)
 Metaspace       used 162977K, capacity 176026K, committed 176216K, reserved 1202176K
  class space    used 20209K, capacity 22878K, committed 22912K, reserved 1048576K
}
Event: 2315.292 GC heap before
{Heap before GC invocations=78 (full 6):
 PSYoungGen      total 417792K, used 417510K [0x00000000e0000000, 0x0000000100000000, 0x0000000100000000)
  eden space 352256K, 100% used [0x00000000e0000000,0x00000000f5800000,0x00000000f5800000)
  from space 65536K, 99% used [0x00000000f5800000,0x00000000f97b9b00,0x00000000f9800000)
  to   space 91648K, 0% used [0x00000000fa680000,0x00000000fa680000,0x0000000100000000)
 ParOldGen       total 316928K, used 193645K [0x00000000a0000000, 0x00000000b3580000, 0x00000000e0000000)
  object space 316928K, 61% used [0x00000000a0000000,0x00000000abd1b4d8,0x00000000b3580000)
 Metaspace       used 162977K, capacity 176026K, committed 176216K, reserved 1202176K
  class space    used 20209K, capacity 22878K, committed 22912K, reserved 1048576K
Event: 2315.340 GC heap after
Heap after GC invocations=78 (full 6):
 PSYoungGen      total 418304K, used 74405K [0x00000000e0000000, 0x0000000100000000, 0x0000000100000000)
  eden space 326656K, 0% used [0x00000000e0000000,0x00000000e0000000,0x00000000f3f00000)
  from space 91648K, 81% used [0x00000000fa680000,0x00000000fef297a0,0x0000000100000000)
  to   space 98816K, 0% used [0x00000000f3f00000,0x00000000f3f00000,0x00000000f9f80000)
 ParOldGen       total 316928K, used 193661K [0x00000000a0000000, 0x00000000b3580000, 0x00000000e0000000)
  object space 316928K, 61% used [0x00000000a0000000,0x00000000abd1f4d8,0x00000000b3580000)
 Metaspace       used 162977K, capacity 176026K, committed 176216K, reserved 1202176K
  class space    used 20209K, capacity 22878K, committed 22912K, reserved 1048576K
}
Event: 2317.042 GC heap before
{Heap before GC invocations=79 (full 6):
 PSYoungGen      total 418304K, used 401061K [0x00000000e0000000, 0x0000000100000000, 0x0000000100000000)
  eden space 326656K, 100% used [0x00000000e0000000,0x00000000f3f00000,0x00000000f3f00000)
  from space 91648K, 81% used [0x00000000fa680000,0x00000000fef297a0,0x0000000100000000)
  to   space 98816K, 0% used [0x00000000f3f00000,0x00000000f3f00000,0x00000000f9f80000)
 ParOldGen       total 316928K, used 193682K [0x00000000a0000000, 0x00000000b3580000, 0x00000000e0000000)
  object space 316928K, 61% used [0x00000000a0000000,0x00000000abd249e8,0x00000000b3580000)
 Metaspace       used 162978K, capacity 176090K, committed 176216K, reserved 1202176K
  class space    used 20209K, capacity 22878K, committed 22912K, reserved 1048576K
Event: 2317.098 GC heap after
Heap after GC invocations=79 (full 6):
 PSYoungGen      total 394240K, used 67488K [0x00000000e0000000, 0x0000000100000000, 0x0000000100000000)
  eden space 326656K, 0% used [0x00000000e0000000,0x00000000e0000000,0x00000000f3f00000)
  from space 67584K, 99% used [0x00000000f3f00000,0x00000000f80e8240,0x00000000f8100000)
  to   space 102400K, 0% used [0x00000000f9c00000,0x00000000f9c00000,0x0000000100000000)
 ParOldGen       total 316928K, used 196446K [0x00000000a0000000, 0x00000000b3580000, 0x00000000e0000000)
  object space 316928K, 61% used [0x00000000a0000000,0x00000000abfd7b08,0x00000000b3580000)
 Metaspace       used 162978K, capacity 176090K, committed 176216K, reserved 1202176K
  class space    used 20209K, capacity 22878K, committed 22912K, reserved 1048576K
}
Event: 2326.958 GC heap before
{Heap before GC invocations=80 (full 6):
 PSYoungGen      total 394240K, used 394144K [0x00000000e0000000, 0x0000000100000000, 0x0000000100000000)
  eden space 326656K, 100% used [0x00000000e0000000,0x00000000f3f00000,0x00000000f3f00000)
  from space 67584K, 99% used [0x00000000f3f00000,0x00000000f80e8240,0x00000000f8100000)
  to   space 102400K, 0% used [0x00000000f9c00000,0x00000000f9c00000,0x0000000100000000)
 ParOldGen       total 316928K, used 196453K [0x00000000a0000000, 0x00000000b3580000, 0x00000000e0000000)
  object space 316928K, 61% used [0x00000000a0000000,0x00000000abfd95f8,0x00000000b3580000)
 Metaspace       used 163284K, capacity 176346K, committed 176472K, reserved 1202176K
  class space    used 20212K, capacity 22878K, committed 22912K, reserved 1048576K
Event: 2327.035 GC heap after
Heap after GC invocations=80 (full 6):
 PSYoungGen      total 420864K, used 62873K [0x00000000e0000000, 0x0000000100000000, 0x0000000100000000)
  eden space 318464K, 0% used [0x00000000e0000000,0x00000000e0000000,0x00000000f3700000)
  from space 102400K, 61% used [0x00000000f9c00000,0x00000000fd966640,0x0000000100000000)
  to   space 102912K, 0% used [0x00000000f3700000,0x00000000f3700000,0x00000000f9b80000)
 ParOldGen       total 316928K, used 196477K [0x00000000a0000000, 0x00000000b3580000, 0x00000000e0000000)
  object space 316928K, 61% used [0x00000000a0000000,0x00000000abfdf5f8,0x00000000b3580000)
 Metaspace       used 163284K, capacity 176346K, committed 176472K, reserved 1202176K
  class space    used 20212K, capacity 22878K, committed 22912K, reserved 1048576K
}

